{"/home/csbrandt/projects/WGS84IntersectUtil/index.js":{"path":"/home/csbrandt/projects/WGS84IntersectUtil/index.js","s":{"1":1,"2":1,"3":1,"4":1,"5":1,"6":1,"7":1,"8":1,"9":1,"10":1,"11":1,"12":1,"13":1,"14":0,"15":0,"16":0,"17":0,"18":0,"19":0,"20":1,"21":3,"22":3,"23":3,"24":3,"25":18,"26":18,"27":0,"28":0,"29":0,"30":18,"31":18,"32":1,"33":1,"34":0,"35":3,"36":1,"37":15,"38":15,"39":15,"40":15,"41":15,"42":15,"43":15,"44":15,"45":60,"46":60,"47":9,"48":15,"49":1,"50":3,"51":3,"52":3,"53":3,"54":3,"55":15,"56":15,"57":6,"58":6,"59":9,"60":9,"61":0,"62":0,"63":3},"b":{"1":[0,0],"2":[0,0],"3":[0,18],"4":[0,0],"5":[1,17],"6":[9,51],"7":[6,9],"8":[0,9]},"f":{"1":0,"2":3,"3":15,"4":3},"fnMap":{"1":{"name":"(anonymous_1)","line":21,"loc":{"start":{"line":21,"column":15},"end":{"line":21,"column":35}}},"2":{"name":"(anonymous_2)","line":32,"loc":{"start":{"line":32,"column":39},"end":{"line":32,"column":72}}},"3":{"name":"(anonymous_3)","line":59,"loc":{"start":{"line":59,"column":39},"end":{"line":59,"column":60}}},"4":{"name":"(anonymous_4)","line":83,"loc":{"start":{"line":83,"column":36},"end":{"line":83,"column":66}}}},"statementMap":{"1":{"start":{"line":6,"column":0},"end":{"line":6,"column":44}},"2":{"start":{"line":7,"column":0},"end":{"line":7,"column":58}},"3":{"start":{"line":8,"column":0},"end":{"line":8,"column":54}},"4":{"start":{"line":9,"column":0},"end":{"line":9,"column":47}},"5":{"start":{"line":10,"column":0},"end":{"line":10,"column":44}},"6":{"start":{"line":11,"column":0},"end":{"line":11,"column":42}},"7":{"start":{"line":12,"column":0},"end":{"line":12,"column":38}},"8":{"start":{"line":13,"column":0},"end":{"line":13,"column":36}},"9":{"start":{"line":14,"column":0},"end":{"line":14,"column":36}},"10":{"start":{"line":15,"column":0},"end":{"line":15,"column":36}},"11":{"start":{"line":16,"column":0},"end":{"line":16,"column":27}},"12":{"start":{"line":19,"column":0},"end":{"line":19,"column":33}},"13":{"start":{"line":21,"column":0},"end":{"line":30,"column":2}},"14":{"start":{"line":22,"column":3},"end":{"line":24,"column":4}},"15":{"start":{"line":23,"column":6},"end":{"line":23,"column":21}},"16":{"start":{"line":25,"column":3},"end":{"line":29,"column":4}},"17":{"start":{"line":26,"column":6},"end":{"line":26,"column":81}},"18":{"start":{"line":27,"column":6},"end":{"line":27,"column":33}},"19":{"start":{"line":28,"column":6},"end":{"line":28,"column":48}},"20":{"start":{"line":32,"column":0},"end":{"line":57,"column":2}},"21":{"start":{"line":33,"column":3},"end":{"line":33,"column":32}},"22":{"start":{"line":34,"column":3},"end":{"line":34,"column":15}},"23":{"start":{"line":35,"column":3},"end":{"line":35,"column":27}},"24":{"start":{"line":37,"column":3},"end":{"line":54,"column":4}},"25":{"start":{"line":38,"column":6},"end":{"line":53,"column":7}},"26":{"start":{"line":39,"column":9},"end":{"line":50,"column":10}},"27":{"start":{"line":40,"column":12},"end":{"line":40,"column":101}},"28":{"start":{"line":41,"column":12},"end":{"line":43,"column":13}},"29":{"start":{"line":42,"column":15},"end":{"line":42,"column":61}},"30":{"start":{"line":45,"column":12},"end":{"line":45,"column":67}},"31":{"start":{"line":46,"column":12},"end":{"line":49,"column":13}},"32":{"start":{"line":47,"column":15},"end":{"line":47,"column":99}},"33":{"start":{"line":48,"column":15},"end":{"line":48,"column":61}},"34":{"start":{"line":52,"column":9},"end":{"line":52,"column":45}},"35":{"start":{"line":56,"column":3},"end":{"line":56,"column":30}},"36":{"start":{"line":59,"column":0},"end":{"line":81,"column":2}},"37":{"start":{"line":60,"column":3},"end":{"line":60,"column":21}},"38":{"start":{"line":61,"column":3},"end":{"line":61,"column":20}},"39":{"start":{"line":62,"column":3},"end":{"line":62,"column":31}},"40":{"start":{"line":64,"column":3},"end":{"line":64,"column":70}},"41":{"start":{"line":66,"column":3},"end":{"line":66,"column":70}},"42":{"start":{"line":68,"column":3},"end":{"line":68,"column":70}},"43":{"start":{"line":70,"column":3},"end":{"line":70,"column":70}},"44":{"start":{"line":72,"column":3},"end":{"line":78,"column":4}},"45":{"start":{"line":73,"column":6},"end":{"line":73,"column":92}},"46":{"start":{"line":75,"column":6},"end":{"line":77,"column":7}},"47":{"start":{"line":76,"column":9},"end":{"line":76,"column":70}},"48":{"start":{"line":80,"column":3},"end":{"line":80,"column":29}},"49":{"start":{"line":83,"column":0},"end":{"line":104,"column":2}},"50":{"start":{"line":84,"column":3},"end":{"line":84,"column":29}},"51":{"start":{"line":85,"column":3},"end":{"line":85,"column":35}},"52":{"start":{"line":86,"column":3},"end":{"line":86,"column":26}},"53":{"start":{"line":87,"column":3},"end":{"line":87,"column":19}},"54":{"start":{"line":89,"column":3},"end":{"line":101,"column":4}},"55":{"start":{"line":90,"column":6},"end":{"line":90,"column":88}},"56":{"start":{"line":91,"column":6},"end":{"line":100,"column":7}},"57":{"start":{"line":92,"column":9},"end":{"line":92,"column":77}},"58":{"start":{"line":93,"column":9},"end":{"line":93,"column":49}},"59":{"start":{"line":95,"column":9},"end":{"line":95,"column":56}},"60":{"start":{"line":96,"column":9},"end":{"line":99,"column":10}},"61":{"start":{"line":97,"column":12},"end":{"line":97,"column":84}},"62":{"start":{"line":98,"column":12},"end":{"line":98,"column":52}},"63":{"start":{"line":103,"column":3},"end":{"line":103,"column":27}}},"branchMap":{"1":{"line":22,"type":"if","locations":[{"start":{"line":22,"column":3},"end":{"line":22,"column":3}},{"start":{"line":22,"column":3},"end":{"line":22,"column":3}}]},"2":{"line":25,"type":"if","locations":[{"start":{"line":25,"column":3},"end":{"line":25,"column":3}},{"start":{"line":25,"column":3},"end":{"line":25,"column":3}}]},"3":{"line":39,"type":"if","locations":[{"start":{"line":39,"column":9},"end":{"line":39,"column":9}},{"start":{"line":39,"column":9},"end":{"line":39,"column":9}}]},"4":{"line":41,"type":"if","locations":[{"start":{"line":41,"column":12},"end":{"line":41,"column":12}},{"start":{"line":41,"column":12},"end":{"line":41,"column":12}}]},"5":{"line":46,"type":"if","locations":[{"start":{"line":46,"column":12},"end":{"line":46,"column":12}},{"start":{"line":46,"column":12},"end":{"line":46,"column":12}}]},"6":{"line":75,"type":"if","locations":[{"start":{"line":75,"column":6},"end":{"line":75,"column":6}},{"start":{"line":75,"column":6},"end":{"line":75,"column":6}}]},"7":{"line":91,"type":"if","locations":[{"start":{"line":91,"column":6},"end":{"line":91,"column":6}},{"start":{"line":91,"column":6},"end":{"line":91,"column":6}}]},"8":{"line":96,"type":"if","locations":[{"start":{"line":96,"column":9},"end":{"line":96,"column":9}},{"start":{"line":96,"column":9},"end":{"line":96,"column":9}}]}}}}