{"/home/csbrandt/projects/WGS84IntersectUtil/index.js":{"path":"/home/csbrandt/projects/WGS84IntersectUtil/index.js","s":{"1":1,"2":1,"3":1,"4":1,"5":1,"6":1,"7":1,"8":1,"9":1,"10":1,"11":1,"12":1,"13":1,"14":1,"15":0,"16":0,"17":0,"18":0,"19":0,"20":0,"21":1,"22":3,"23":3,"24":3,"25":3,"26":3,"27":18,"28":18,"29":0,"30":0,"31":0,"32":18,"33":18,"34":1,"35":1,"36":1,"37":0,"38":3,"39":1,"40":15,"41":15,"42":15,"43":15,"44":15,"45":15,"46":15,"47":15,"48":60,"49":60,"50":9,"51":15,"52":1,"53":3,"54":3,"55":3,"56":3,"57":3,"58":3,"59":15,"60":15,"61":6,"62":6,"63":6,"64":9,"65":9,"66":0,"67":0,"68":0,"69":3},"b":{"1":[0,0],"2":[0,0],"3":[0,18],"4":[0,0],"5":[1,17],"6":[9,51],"7":[6,9],"8":[0,9]},"f":{"1":0,"2":3,"3":15,"4":3},"fnMap":{"1":{"name":"(anonymous_1)","line":22,"loc":{"start":{"line":22,"column":15},"end":{"line":22,"column":35}}},"2":{"name":"(anonymous_2)","line":33,"loc":{"start":{"line":33,"column":39},"end":{"line":33,"column":72}}},"3":{"name":"(anonymous_3)","line":62,"loc":{"start":{"line":62,"column":39},"end":{"line":62,"column":60}}},"4":{"name":"(anonymous_4)","line":86,"loc":{"start":{"line":86,"column":36},"end":{"line":86,"column":66}}}},"statementMap":{"1":{"start":{"line":6,"column":0},"end":{"line":6,"column":44}},"2":{"start":{"line":7,"column":0},"end":{"line":7,"column":44}},"3":{"start":{"line":8,"column":0},"end":{"line":8,"column":58}},"4":{"start":{"line":9,"column":0},"end":{"line":9,"column":54}},"5":{"start":{"line":10,"column":0},"end":{"line":10,"column":47}},"6":{"start":{"line":11,"column":0},"end":{"line":11,"column":44}},"7":{"start":{"line":12,"column":0},"end":{"line":12,"column":42}},"8":{"start":{"line":13,"column":0},"end":{"line":13,"column":38}},"9":{"start":{"line":14,"column":0},"end":{"line":14,"column":36}},"10":{"start":{"line":15,"column":0},"end":{"line":15,"column":36}},"11":{"start":{"line":16,"column":0},"end":{"line":16,"column":36}},"12":{"start":{"line":17,"column":0},"end":{"line":17,"column":27}},"13":{"start":{"line":20,"column":0},"end":{"line":20,"column":33}},"14":{"start":{"line":22,"column":0},"end":{"line":31,"column":2}},"15":{"start":{"line":23,"column":3},"end":{"line":25,"column":4}},"16":{"start":{"line":24,"column":6},"end":{"line":24,"column":21}},"17":{"start":{"line":26,"column":3},"end":{"line":30,"column":4}},"18":{"start":{"line":27,"column":6},"end":{"line":27,"column":81}},"19":{"start":{"line":28,"column":6},"end":{"line":28,"column":33}},"20":{"start":{"line":29,"column":6},"end":{"line":29,"column":48}},"21":{"start":{"line":33,"column":0},"end":{"line":60,"column":2}},"22":{"start":{"line":34,"column":3},"end":{"line":34,"column":32}},"23":{"start":{"line":35,"column":3},"end":{"line":35,"column":15}},"24":{"start":{"line":36,"column":3},"end":{"line":36,"column":27}},"25":{"start":{"line":37,"column":3},"end":{"line":37,"column":15}},"26":{"start":{"line":39,"column":3},"end":{"line":57,"column":4}},"27":{"start":{"line":40,"column":6},"end":{"line":56,"column":7}},"28":{"start":{"line":41,"column":9},"end":{"line":53,"column":10}},"29":{"start":{"line":42,"column":12},"end":{"line":42,"column":101}},"30":{"start":{"line":43,"column":12},"end":{"line":45,"column":13}},"31":{"start":{"line":44,"column":15},"end":{"line":44,"column":72}},"32":{"start":{"line":47,"column":12},"end":{"line":47,"column":67}},"33":{"start":{"line":48,"column":12},"end":{"line":52,"column":13}},"34":{"start":{"line":49,"column":15},"end":{"line":49,"column":56}},"35":{"start":{"line":50,"column":15},"end":{"line":50,"column":87}},"36":{"start":{"line":51,"column":15},"end":{"line":51,"column":49}},"37":{"start":{"line":55,"column":9},"end":{"line":55,"column":45}},"38":{"start":{"line":59,"column":3},"end":{"line":59,"column":30}},"39":{"start":{"line":62,"column":0},"end":{"line":84,"column":2}},"40":{"start":{"line":63,"column":3},"end":{"line":63,"column":21}},"41":{"start":{"line":64,"column":3},"end":{"line":64,"column":20}},"42":{"start":{"line":65,"column":3},"end":{"line":65,"column":31}},"43":{"start":{"line":67,"column":3},"end":{"line":67,"column":70}},"44":{"start":{"line":69,"column":3},"end":{"line":69,"column":70}},"45":{"start":{"line":71,"column":3},"end":{"line":71,"column":70}},"46":{"start":{"line":73,"column":3},"end":{"line":73,"column":70}},"47":{"start":{"line":75,"column":3},"end":{"line":81,"column":4}},"48":{"start":{"line":76,"column":6},"end":{"line":76,"column":92}},"49":{"start":{"line":78,"column":6},"end":{"line":80,"column":7}},"50":{"start":{"line":79,"column":9},"end":{"line":79,"column":70}},"51":{"start":{"line":83,"column":3},"end":{"line":83,"column":29}},"52":{"start":{"line":86,"column":0},"end":{"line":110,"column":2}},"53":{"start":{"line":87,"column":3},"end":{"line":87,"column":29}},"54":{"start":{"line":88,"column":3},"end":{"line":88,"column":35}},"55":{"start":{"line":89,"column":3},"end":{"line":89,"column":26}},"56":{"start":{"line":90,"column":3},"end":{"line":90,"column":19}},"57":{"start":{"line":91,"column":3},"end":{"line":91,"column":12}},"58":{"start":{"line":93,"column":3},"end":{"line":107,"column":4}},"59":{"start":{"line":94,"column":6},"end":{"line":94,"column":88}},"60":{"start":{"line":95,"column":6},"end":{"line":106,"column":7}},"61":{"start":{"line":96,"column":9},"end":{"line":96,"column":44}},"62":{"start":{"line":97,"column":9},"end":{"line":97,"column":65}},"63":{"start":{"line":98,"column":9},"end":{"line":98,"column":37}},"64":{"start":{"line":100,"column":9},"end":{"line":100,"column":56}},"65":{"start":{"line":101,"column":9},"end":{"line":105,"column":10}},"66":{"start":{"line":102,"column":12},"end":{"line":102,"column":47}},"67":{"start":{"line":103,"column":12},"end":{"line":103,"column":72}},"68":{"start":{"line":104,"column":12},"end":{"line":104,"column":40}},"69":{"start":{"line":109,"column":3},"end":{"line":109,"column":27}}},"branchMap":{"1":{"line":23,"type":"if","locations":[{"start":{"line":23,"column":3},"end":{"line":23,"column":3}},{"start":{"line":23,"column":3},"end":{"line":23,"column":3}}]},"2":{"line":26,"type":"if","locations":[{"start":{"line":26,"column":3},"end":{"line":26,"column":3}},{"start":{"line":26,"column":3},"end":{"line":26,"column":3}}]},"3":{"line":41,"type":"if","locations":[{"start":{"line":41,"column":9},"end":{"line":41,"column":9}},{"start":{"line":41,"column":9},"end":{"line":41,"column":9}}]},"4":{"line":43,"type":"if","locations":[{"start":{"line":43,"column":12},"end":{"line":43,"column":12}},{"start":{"line":43,"column":12},"end":{"line":43,"column":12}}]},"5":{"line":48,"type":"if","locations":[{"start":{"line":48,"column":12},"end":{"line":48,"column":12}},{"start":{"line":48,"column":12},"end":{"line":48,"column":12}}]},"6":{"line":78,"type":"if","locations":[{"start":{"line":78,"column":6},"end":{"line":78,"column":6}},{"start":{"line":78,"column":6},"end":{"line":78,"column":6}}]},"7":{"line":95,"type":"if","locations":[{"start":{"line":95,"column":6},"end":{"line":95,"column":6}},{"start":{"line":95,"column":6},"end":{"line":95,"column":6}}]},"8":{"line":101,"type":"if","locations":[{"start":{"line":101,"column":9},"end":{"line":101,"column":9}},{"start":{"line":101,"column":9},"end":{"line":101,"column":9}}]}}}}