TN:
SF:/home/csbrandt/projects/WGS84IntersectUtil/index.js
FN:21,(anonymous_1)
FN:32,(anonymous_2)
FN:59,(anonymous_3)
FN:83,(anonymous_4)
FNF:4
FNH:3
FNDA:0,(anonymous_1)
FNDA:3,(anonymous_2)
FNDA:15,(anonymous_3)
FNDA:3,(anonymous_4)
DA:6,1
DA:7,1
DA:8,1
DA:9,1
DA:10,1
DA:11,1
DA:12,1
DA:13,1
DA:14,1
DA:15,1
DA:16,1
DA:19,1
DA:21,1
DA:22,0
DA:23,0
DA:25,0
DA:26,0
DA:27,0
DA:28,0
DA:32,1
DA:33,3
DA:34,3
DA:35,3
DA:37,3
DA:38,18
DA:39,18
DA:40,0
DA:41,0
DA:42,0
DA:45,18
DA:46,18
DA:47,1
DA:48,1
DA:52,0
DA:56,3
DA:59,1
DA:60,15
DA:61,15
DA:62,15
DA:64,15
DA:66,15
DA:68,15
DA:70,15
DA:72,15
DA:73,60
DA:75,60
DA:76,9
DA:80,15
DA:83,1
DA:84,3
DA:85,3
DA:87,3
DA:88,15
DA:89,6
DA:90,9
DA:91,0
DA:95,3
LF:57
LH:46
BRDA:22,1,0,0
BRDA:22,1,1,0
BRDA:25,2,0,0
BRDA:25,2,1,0
BRDA:39,3,0,0
BRDA:39,3,1,18
BRDA:41,4,0,0
BRDA:41,4,1,0
BRDA:46,5,0,1
BRDA:46,5,1,17
BRDA:75,6,0,9
BRDA:75,6,1,51
BRDA:88,7,0,6
BRDA:88,7,1,9
BRDA:90,8,0,0
BRDA:90,8,1,9
BRF:16
BRH:8
end_of_record
