TN:
SF:/home/csbrandt/projects/WGS84IntersectUtil/index.js
FN:20,(anonymous_1)
FN:43,(anonymous_2)
FN:67,(anonymous_3)
FNF:3
FNH:3
FNDA:2,(anonymous_1)
FNDA:5,(anonymous_2)
FNDA:1,(anonymous_3)
DA:6,1
DA:7,1
DA:8,1
DA:9,1
DA:10,1
DA:11,1
DA:12,1
DA:13,1
DA:14,1
DA:15,1
DA:18,1
DA:20,1
DA:21,2
DA:22,2
DA:23,2
DA:25,2
DA:26,12
DA:27,0
DA:28,0
DA:29,0
DA:32,12
DA:33,12
DA:34,0
DA:35,0
DA:40,2
DA:43,1
DA:44,5
DA:45,5
DA:46,5
DA:48,5
DA:50,5
DA:52,5
DA:54,5
DA:56,5
DA:57,20
DA:59,20
DA:60,0
DA:64,5
DA:67,1
DA:68,1
DA:69,1
DA:71,1
DA:72,5
DA:73,0
DA:74,5
DA:75,0
DA:79,1
LF:47
LH:39
BRDA:26,1,0,0
BRDA:26,1,1,12
BRDA:28,2,0,0
BRDA:28,2,1,0
BRDA:33,3,0,0
BRDA:33,3,1,12
BRDA:59,4,0,0
BRDA:59,4,1,20
BRDA:72,5,0,0
BRDA:72,5,1,5
BRDA:74,6,0,0
BRDA:74,6,1,5
BRF:12
BRH:5
end_of_record
